#
# There is insufficient memory for the Java Runtime Environment to continue.
# Native memory allocation (malloc) failed to allocate 374992 bytes for Chunk::new
# Possible reasons:
#   The system is out of physical RAM or swap space
#   In 32 bit mode, the process size limit was hit
# Possible solutions:
#   Reduce memory load on the system
#   Increase physical memory or swap space
#   Check if swap backing store is full
#   Use 64 bit Java on a 64 bit OS
#   Decrease Java heap size (-Xmx/-Xms)
#   Decrease number of Java threads
#   Decrease Java thread stack sizes (-Xss)
#   Set larger code cache with -XX:ReservedCodeCacheSize=
# This output file may be truncated or incomplete.
#
#  Out of Memory Error (allocation.cpp:390), pid=4472, tid=6752
#
# JRE version: Java(TM) SE Runtime Environment (8.0_40-b25) (build 1.8.0_40-b25)
# Java VM: Java HotSpot(TM) 64-Bit Server VM (25.40-b25 mixed mode windows-amd64 compressed oops)
# Failed to write core dump. Minidumps are not enabled by default on client versions of Windows
#

---------------  T H R E A D  ---------------

Current thread (0x0000000016b29800):  JavaThread "C2 CompilerThread0" daemon [_thread_in_native, id=6752, stack(0x0000000018670000,0x0000000018770000)]

Stack: [0x0000000018670000,0x0000000018770000]
Native frames: (J=compiled Java code, j=interpreted, Vv=VM code, C=native code)
V  [jvm.dll+0x32b47a]


Current CompileTask:
C2:   1596 2098       4       com.android.dx.cf.code.ValueAwareMachine::run (1142 bytes)


---------------  P R O C E S S  ---------------

Java Threads: ( => current thread )
  0x000000001911c800 JavaThread "pool-2-thread-4" [_thread_blocked, id=2896, stack(0x0000000019c60000,0x0000000019d60000)]
  0x000000001911b800 JavaThread "pool-2-thread-3" [_thread_in_Java, id=9900, stack(0x0000000019b00000,0x0000000019c00000)]
  0x0000000018f5d000 JavaThread "pool-2-thread-2" [_thread_in_Java, id=7132, stack(0x00000000198f0000,0x00000000199f0000)]
  0x0000000018f4f800 JavaThread "pool-3-thread-1" [_thread_blocked, id=10980, stack(0x0000000019780000,0x0000000019880000)]
  0x0000000018f4c800 JavaThread "pool-2-thread-1" [_thread_blocked, id=7936, stack(0x0000000018570000,0x0000000018670000)]
  0x0000000016b9c000 JavaThread "Service Thread" daemon [_thread_blocked, id=8144, stack(0x0000000018c30000,0x0000000018d30000)]
  0x0000000016b4c800 JavaThread "C1 CompilerThread3" daemon [_thread_blocked, id=9856, stack(0x0000000018320000,0x0000000018420000)]
  0x0000000016b3c000 JavaThread "C2 CompilerThread2" daemon [_thread_in_native, id=9832, stack(0x0000000018a20000,0x0000000018b20000)]
  0x0000000016b31000 JavaThread "C2 CompilerThread1" daemon [_thread_in_native, id=2996, stack(0x00000000188a0000,0x00000000189a0000)]
=>0x0000000016b29800 JavaThread "C2 CompilerThread0" daemon [_thread_in_native, id=6752, stack(0x0000000018670000,0x0000000018770000)]
  0x0000000016b22800 JavaThread "Attach Listener" daemon [_thread_blocked, id=9020, stack(0x0000000012910000,0x0000000012a10000)]
  0x0000000016b21000 JavaThread "Signal Dispatcher" daemon [_thread_blocked, id=2236, stack(0x0000000018460000,0x0000000018560000)]
  0x00000000158fe800 JavaThread "Finalizer" daemon [_thread_blocked, id=6372, stack(0x00000000180d0000,0x00000000181d0000)]
  0x0000000016ac4800 JavaThread "Reference Handler" daemon [_thread_blocked, id=3624, stack(0x0000000018200000,0x0000000018300000)]
  0x0000000001ebe800 JavaThread "main" [_thread_in_Java, id=10272, stack(0x0000000002410000,0x0000000002510000)]

Other Threads:
  0x00000000158f7000 VMThread [stack: 0x0000000017f30000,0x0000000018030000] [id=10632]
  0x0000000016b9d000 WatcherThread [stack: 0x0000000018e00000,0x0000000018f00000] [id=5084]

VM state:not at safepoint (normal execution)

VM Mutex/Monitor currently owned by a thread: None

Heap:
 PSYoungGen      total 138240K, used 123593K [0x00000000eab00000, 0x00000000f3700000, 0x0000000100000000)
  eden space 133120K, 89% used [0x00000000eab00000,0x00000000f1eba698,0x00000000f2d00000)
  from space 5120K, 99% used [0x00000000f3200000,0x00000000f36f8010,0x00000000f3700000)
  to   space 5120K, 0% used [0x00000000f2d00000,0x00000000f2d00000,0x00000000f3200000)
 ParOldGen       total 87552K, used 23539K [0x00000000c0000000, 0x00000000c5580000, 0x00000000eab00000)
  object space 87552K, 26% used [0x00000000c0000000,0x00000000c16fcf90,0x00000000c5580000)
 Metaspace       used 6331K, capacity 7152K, committed 7296K, reserved 1056768K
  class space    used 587K, capacity 616K, committed 640K, reserved 1048576K

Card table byte_map: [0x0000000011ba0000,0x0000000011db0000] byte_map_base: 0x00000000115a0000

Marking Bits: (ParMarkBitMap*) 0x0000000070aa4040
 Begin Bits: [0x0000000012d00000, 0x0000000013d00000)
 End Bits:   [0x0000000013d00000, 0x0000000014d00000)

Polling page: 0x0000000000440000

CodeCache: size=245760Kb used=8051Kb max_used=8051Kb free=237708Kb
 bounds [0x00000000027e0000, 0x0000000002fd0000, 0x00000000117e0000]
 total_blobs=2331 nmethods=2059 adapters=182
 compilation: enabled

Compilation events (10 events):
Event: 1.557 Thread 0x0000000016b4c800 2139       2       com.android.dx.rop.type.Type::getClassName (94 bytes)
Event: 1.557 Thread 0x0000000016b4c800 nmethod 2139 0x0000000002fb2890 code [0x0000000002fb2a60, 0x0000000002fb2f78]
Event: 1.562 Thread 0x0000000016b4c800 2141       2       com.android.dx.rop.code.SwitchInsn::accept (8 bytes)
Event: 1.563 Thread 0x0000000016b4c800 nmethod 2141 0x0000000002fb3290 code [0x0000000002fb3400, 0x0000000002fb3588]
Event: 1.573 Thread 0x0000000016b4c800 2143       3       com.android.dx.ssa.SsaMethod::removeFromUseList (57 bytes)
Event: 1.574 Thread 0x0000000016b4c800 nmethod 2143 0x0000000002fb3610 code [0x0000000002fb37e0, 0x0000000002fb3f88]
Event: 1.582 Thread 0x0000000016b4c800 2144 %     3       com.android.dx.ssa.SCCP::simulateBranch @ 615 (666 bytes)
Event: 1.588 Thread 0x0000000016b4c800 nmethod 2144% 0x0000000002fb4310 code [0x0000000002fb47c0, 0x0000000002fb82f8]
Event: 1.591 Thread 0x0000000016b4c800 2145       2       com.android.dx.cf.code.Ropper::labelToBlock (52 bytes)
Event: 1.591 Thread 0x0000000016b4c800 nmethod 2145 0x0000000002fba010 code [0x0000000002fba200, 0x0000000002fba778]

GC Heap History (8 events):
Event: 0.470 GC heap before
{Heap before GC invocations=1 (full 0):
 PSYoungGen      total 38400K, used 33280K [0x00000000eab00000, 0x00000000ed580000, 0x0000000100000000)
  eden space 33280K, 100% used [0x00000000eab00000,0x00000000ecb80000,0x00000000ecb80000)
  from space 5120K, 0% used [0x00000000ed080000,0x00000000ed080000,0x00000000ed580000)
  to   space 5120K, 0% used [0x00000000ecb80000,0x00000000ecb80000,0x00000000ed080000)
 ParOldGen       total 87552K, used 0K [0x00000000c0000000, 0x00000000c5580000, 0x00000000eab00000)
  object space 87552K, 0% used [0x00000000c0000000,0x00000000c0000000,0x00000000c5580000)
 Metaspace       used 5700K, capacity 6704K, committed 6784K, reserved 1056768K
  class space    used 585K, capacity 616K, committed 640K, reserved 1048576K
Event: 0.489 GC heap after
Heap after GC invocations=1 (full 0):
 PSYoungGen      total 38400K, used 4767K [0x00000000eab00000, 0x00000000ef600000, 0x0000000100000000)
  eden space 33280K, 0% used [0x00000000eab00000,0x00000000eab00000,0x00000000ecb80000)
  from space 5120K, 93% used [0x00000000ecb80000,0x00000000ed027d68,0x00000000ed080000)
  to   space 5120K, 0% used [0x00000000ef100000,0x00000000ef100000,0x00000000ef600000)
 ParOldGen       total 87552K, used 8K [0x00000000c0000000, 0x00000000c5580000, 0x00000000eab00000)
  object space 87552K, 0% used [0x00000000c0000000,0x00000000c0002000,0x00000000c5580000)
 Metaspace       used 5700K, capacity 6704K, committed 6784K, reserved 1056768K
  class space    used 585K, capacity 616K, committed 640K, reserved 1048576K
}
Event: 0.656 GC heap before
{Heap before GC invocations=2 (full 0):
 PSYoungGen      total 38400K, used 38047K [0x00000000eab00000, 0x00000000ef600000, 0x0000000100000000)
  eden space 33280K, 100% used [0x00000000eab00000,0x00000000ecb80000,0x00000000ecb80000)
  from space 5120K, 93% used [0x00000000ecb80000,0x00000000ed027d68,0x00000000ed080000)
  to   space 5120K, 0% used [0x00000000ef100000,0x00000000ef100000,0x00000000ef600000)
 ParOldGen       total 87552K, used 8K [0x00000000c0000000, 0x00000000c5580000, 0x00000000eab00000)
  object space 87552K, 0% used [0x00000000c0000000,0x00000000c0002000,0x00000000c5580000)
 Metaspace       used 5982K, capacity 6960K, committed 7040K, reserved 1056768K
  class space    used 587K, capacity 616K, committed 640K, reserved 1048576K
Event: 0.664 GC heap after
Heap after GC invocations=2 (full 0):
 PSYoungGen      total 71680K, used 5114K [0x00000000eab00000, 0x00000000ef600000, 0x0000000100000000)
  eden space 66560K, 0% used [0x00000000eab00000,0x00000000eab00000,0x00000000eec00000)
  from space 5120K, 99% used [0x00000000ef100000,0x00000000ef5feaa8,0x00000000ef600000)
  to   space 5120K, 0% used [0x00000000eec00000,0x00000000eec00000,0x00000000ef100000)
 ParOldGen       total 87552K, used 2947K [0x00000000c0000000, 0x00000000c5580000, 0x00000000eab00000)
  object space 87552K, 3% used [0x00000000c0000000,0x00000000c02e0c20,0x00000000c5580000)
 Metaspace       used 5982K, capacity 6960K, committed 7040K, reserved 1056768K
  class space    used 587K, capacity 616K, committed 640K, reserved 1048576K
}
Event: 0.975 GC heap before
{Heap before GC invocations=3 (full 0):
 PSYoungGen      total 71680K, used 71674K [0x00000000eab00000, 0x00000000ef600000, 0x0000000100000000)
  eden space 66560K, 100% used [0x00000000eab00000,0x00000000eec00000,0x00000000eec00000)
  from space 5120K, 99% used [0x00000000ef100000,0x00000000ef5feaa8,0x00000000ef600000)
  to   space 5120K, 0% used [0x00000000eec00000,0x00000000eec00000,0x00000000ef100000)
 ParOldGen       total 87552K, used 2947K [0x00000000c0000000, 0x00000000c5580000, 0x00000000eab00000)
  object space 87552K, 3% used [0x00000000c0000000,0x00000000c02e0c20,0x00000000c5580000)
 Metaspace       used 6176K, capacity 7088K, committed 7296K, reserved 1056768K
  class space    used 587K, capacity 616K, committed 640K, reserved 1048576K
Event: 1.041 GC heap after
Heap after GC invocations=3 (full 0):
 PSYoungGen      total 71680K, used 5101K [0x00000000eab00000, 0x00000000f3700000, 0x0000000100000000)
  eden space 66560K, 0% used [0x00000000eab00000,0x00000000eab00000,0x00000000eec00000)
  from space 5120K, 99% used [0x00000000eec00000,0x00000000ef0fb518,0x00000000ef100000)
  to   space 5120K, 0% used [0x00000000f3200000,0x00000000f3200000,0x00000000f3700000)
 ParOldGen       total 87552K, used 13270K [0x00000000c0000000, 0x00000000c5580000, 0x00000000eab00000)
  object space 87552K, 15% used [0x00000000c0000000,0x00000000c0cf59a0,0x00000000c5580000)
 Metaspace       used 6176K, capacity 7088K, committed 7296K, reserved 1056768K
  class space    used 587K, capacity 616K, committed 640K, reserved 1048576K
}
Event: 1.201 GC heap before
{Heap before GC invocations=4 (full 0):
 PSYoungGen      total 71680K, used 71661K [0x00000000eab00000, 0x00000000f3700000, 0x0000000100000000)
  eden space 66560K, 100% used [0x00000000eab00000,0x00000000eec00000,0x00000000eec00000)
  from space 5120K, 99% used [0x00000000eec00000,0x00000000ef0fb518,0x00000000ef100000)
  to   space 5120K, 0% used [0x00000000f3200000,0x00000000f3200000,0x00000000f3700000)
 ParOldGen       total 87552K, used 13270K [0x00000000c0000000, 0x00000000c5580000, 0x00000000eab00000)
  object space 87552K, 15% used [0x00000000c0000000,0x00000000c0cf59a0,0x00000000c5580000)
 Metaspace       used 6231K, capacity 7088K, committed 7296K, reserved 1056768K
  class space    used 587K, capacity 616K, committed 640K, reserved 1048576K
Event: 1.272 GC heap after
Heap after GC invocations=4 (full 0):
 PSYoungGen      total 138240K, used 5088K [0x00000000eab00000, 0x00000000f3700000, 0x0000000100000000)
  eden space 133120K, 0% used [0x00000000eab00000,0x00000000eab00000,0x00000000f2d00000)
  from space 5120K, 99% used [0x00000000f3200000,0x00000000f36f8010,0x00000000f3700000)
  to   space 5120K, 0% used [0x00000000f2d00000,0x00000000f2d00000,0x00000000f3200000)
 ParOldGen       total 87552K, used 23539K [0x00000000c0000000, 0x00000000c5580000, 0x00000000eab00000)
  object space 87552K, 26% used [0x00000000c0000000,0x00000000c16fcf90,0x00000000c5580000)
 Metaspace       used 6231K, capacity 7088K, committed 7296K, reserved 1056768K
  class space    used 587K, capacity 616K, committed 640K, reserved 1048576K
}

Deoptimization events (10 events):
Event: 1.423 Thread 0x0000000018f5d000 Uncommon trap: reason=bimorphic action=maybe_recompile pc=0x0000000002eccb18 method=com.android.dx.ssa.SCCP.setLatticeValueTo(IILcom/android/dx/rop/cst/Constant;)Z @ 43
Event: 1.439 Thread 0x000000001911c800 Uncommon trap: reason=unloaded action=reinterpret pc=0x0000000002ac3774 method=com.android.dx.ssa.SsaRenamer$BlockRenamer.visitMoveInsn(Lcom/android/dx/ssa/NormalSsaInsn;)V @ 208
Event: 1.449 Thread 0x000000001911c800 Uncommon trap: reason=unstable_if action=reinterpret pc=0x0000000002eaa96c method=com.android.dx.ssa.SCCP.simulateBranch(Lcom/android/dx/ssa/SsaInsn;)V @ 334
Event: 1.451 Thread 0x0000000018f4c800 Uncommon trap: reason=class_check action=maybe_recompile pc=0x0000000002f4b18c method=com.android.dx.cf.code.BaseMachine.addResult(Lcom/android/dx/rop/type/TypeBearer;)V @ 23
Event: 1.451 Thread 0x0000000018f4c800 Uncommon trap: reason=class_check action=maybe_recompile pc=0x0000000002f4b18c method=com.android.dx.cf.code.BaseMachine.addResult(Lcom/android/dx/rop/type/TypeBearer;)V @ 23
Event: 1.451 Thread 0x0000000018f4c800 Uncommon trap: reason=class_check action=maybe_recompile pc=0x0000000002f4b18c method=com.android.dx.cf.code.BaseMachine.addResult(Lcom/android/dx/rop/type/TypeBearer;)V @ 23
Event: 1.451 Thread 0x0000000018f4c800 Uncommon trap: reason=class_check action=maybe_recompile pc=0x0000000002f4b18c method=com.android.dx.cf.code.BaseMachine.addResult(Lcom/android/dx/rop/type/TypeBearer;)V @ 23
Event: 1.529 Thread 0x000000001911b800 Uncommon trap: reason=bimorphic action=maybe_recompile pc=0x0000000002eccb18 method=com.android.dx.ssa.SCCP.setLatticeValueTo(IILcom/android/dx/rop/cst/Constant;)Z @ 43
Event: 1.529 Thread 0x000000001911b800 Uncommon trap: reason=bimorphic action=maybe_recompile pc=0x0000000002eccb18 method=com.android.dx.ssa.SCCP.setLatticeValueTo(IILcom/android/dx/rop/cst/Constant;)Z @ 43
Event: 1.529 Thread 0x000000001911b800 Uncommon trap: reason=bimorphic action=maybe_recompile pc=0x0000000002eccb18 method=com.android.dx.ssa.SCCP.setLatticeValueTo(IILcom/android/dx/rop/cst/Constant;)Z @ 43

Internal exceptions (3 events):
Event: 0.035 Thread 0x0000000001ebe800 Exception <a 'java/lang/NoSuchMethodError': Method sun.misc.Unsafe.defineClass(Ljava/lang/String;[BII)Ljava/lang/Class; name or signature does not match> (0x00000000eab0d718) thrown at [D:\re\workspace\8-2-build-windows-amd64-cygwin\jdk8u40\2855\hotspot\sriNcó¿°?
Event: 0.035 Thread 0x0000000001ebe800 Exception <a 'java/lang/NoSuchMethodError': Method sun.misc.Unsafe.prefetchRead(Ljava/lang/Object;J)V name or signature does not match> (0x00000000eab0d9a8) thrown at [D:\re\workspace\8-2-build-windows-amd64-cygwin\jdk8u40\2855\hotspot\src\share\vm\prims\j‘oYÊ?
Event: 0.690 Thread 0x0000000001ebe800 Implicit null exception at 0x0000000002ab9c92 to 0x0000000002ab9d85

Events (10 events):
Event: 1.537 Thread 0x0000000001ebe800 DEOPT PACKING pc=0x0000000002d739ba sp=0x000000000250eb00
Event: 1.537 Thread 0x0000000001ebe800 DEOPT UNPACKING pc=0x000000000282787f sp=0x000000000250e910 mode 0
Event: 1.537 Thread 0x000000001911b800 DEOPT PACKING pc=0x0000000002c2f3c4 sp=0x0000000019bfed00
Event: 1.537 Thread 0x000000001911b800 DEOPT UNPACKING pc=0x000000000282787f sp=0x0000000019bfe9e0 mode 0
Event: 1.544 Thread 0x0000000001ebe800 DEOPT PACKING pc=0x0000000002d475b7 sp=0x000000000250e700
Event: 1.544 Thread 0x0000000001ebe800 DEOPT UNPACKING pc=0x000000000282787f sp=0x000000000250e460 mode 0
Event: 1.552 Thread 0x0000000001ebe800 DEOPT PACKING pc=0x0000000002d655a3 sp=0x000000000250eae0
Event: 1.552 Thread 0x0000000001ebe800 DEOPT UNPACKING pc=0x000000000282787f sp=0x000000000250e8e8 mode 0
Event: 1.583 Thread 0x000000001911c800 DEOPT PACKING pc=0x0000000002c2f3c4 sp=0x0000000019d5ecc0
Event: 1.583 Thread 0x000000001911c800 DEOPT UNPACKING pc=0x000000000282787f sp=0x0000000019d5e9a0 mode 0


Dynamic libraries:
0x000000013f460000 - 0x000000013f497000 	C:\Program Files\Java\jdk1.8.0_40\bin\java.exe
0x0000000076da0000 - 0x0000000076f4a000 	C:\Windows\SYSTEM32\ntdll.dll
0x0000000076c80000 - 0x0000000076d9f000 	C:\Windows\system32\kernel32.dll
0x000007fefcb40000 - 0x000007fefcbaa000 	C:\Windows\system32\KERNELBASE.dll
0x000007fefddc0000 - 0x000007fefde9b000 	C:\Windows\system32\ADVAPI32.dll
0x000007fefd250000 - 0x000007fefd2ef000 	C:\Windows\system32\msvcrt.dll
0x000007fefd500000 - 0x000007fefd51f000 	C:\Windows\SYSTEM32\sechost.dll
0x000007fefd820000 - 0x000007fefd94d000 	C:\Windows\system32\RPCRT4.dll
0x0000000076b80000 - 0x0000000076c7a000 	C:\Windows\system32\USER32.dll
0x000007fefec80000 - 0x000007fefece7000 	C:\Windows\system32\GDI32.dll
0x000007fefdce0000 - 0x000007fefdcee000 	C:\Windows\system32\LPK.dll
0x000007fefef80000 - 0x000007feff04a000 	C:\Windows\system32\USP10.dll
0x000007fefb010000 - 0x000007fefb204000 	C:\Windows\WinSxS\amd64_microsoft.windows.common-controls_6595b64144ccf1df_6.0.7601.18837_none_fa3b1e3d17594757\COMCTL32.dll
0x000007fefd530000 - 0x000007fefd5a1000 	C:\Windows\system32\SHLWAPI.dll
0x000007fefdd90000 - 0x000007fefddbe000 	C:\Windows\system32\IMM32.DLL
0x000007fefdb30000 - 0x000007fefdc39000 	C:\Windows\system32\MSCTF.dll
0x00000000535c0000 - 0x0000000053692000 	C:\Program Files\Java\jdk1.8.0_40\jre\bin\msvcr100.dll
0x00000000702a0000 - 0x0000000070b23000 	C:\Program Files\Java\jdk1.8.0_40\jre\bin\server\jvm.dll
0x000007fef6f40000 - 0x000007fef6f49000 	C:\Windows\system32\WSOCK32.dll
0x000007fefec30000 - 0x000007fefec7d000 	C:\Windows\system32\WS2_32.dll
0x000007fefd520000 - 0x000007fefd528000 	C:\Windows\system32\NSI.dll
0x000007fef8e20000 - 0x000007fef8e5b000 	C:\Windows\system32\WINMM.dll
0x000007fefbbc0000 - 0x000007fefbbcc000 	C:\Windows\system32\VERSION.dll
0x0000000076f60000 - 0x0000000076f67000 	C:\Windows\system32\PSAPI.DLL
0x0000000063b10000 - 0x0000000063b1f000 	C:\Program Files\Java\jdk1.8.0_40\jre\bin\verify.dll
0x0000000052400000 - 0x0000000052429000 	C:\Program Files\Java\jdk1.8.0_40\jre\bin\java.dll
0x0000000053a40000 - 0x0000000053a56000 	C:\Program Files\Java\jdk1.8.0_40\jre\bin\zip.dll
0x000007fefdea0000 - 0x000007fefec2c000 	C:\Windows\system32\SHELL32.dll
0x000007fefd2f0000 - 0x000007fefd4f3000 	C:\Windows\system32\ole32.dll
0x000007fefcb30000 - 0x000007fefcb3f000 	C:\Windows\system32\profapi.dll

VM Arguments:
jvm_args: -Djava.awt.headless=true -Xmx1024M -Dfile.encoding=windows-1252 -Duser.country=US -Duser.language=en -Duser.variant 
java_command: com.android.dx.command.Main --dex --force-jumbo --num-threads=4 --multi-dex --output C:\Users\basement\AndroidStudioProjects\Safe3D\app\build\intermediates\transforms\dex\debug\folders\1000\10\com.google.android.gms-play-services-basement-8.1.0_1aa03f5bf60c75bce5f42436758130af2f79b4c7 C:\Users\basement\AndroidStudioProjects\Safe3D\app\build\intermediates\exploded-aar\com.google.android.gms\play-services-basement\8.1.0\jars\classes.jar
java_class_path (initial): C:\Users\basement\AppData\Local\Android\sdk\build-tools\23.0.3\lib\dx.jar
Launcher Type: SUN_STANDARD

Environment Variables:
JAVA_HOME=C:\Program Files\Java\jdk1.8.0_51
PATH=C:\Perl\site\bin;C:\Perl\bin;C:\ProgramData\Oracle\Java\javapath;C:\Program Files (x86)\Intel\iCLS Client\;C:\Program Files\Intel\iCLS Client\;C:\Windows\system32;C:\Windows;C:\Windows\System32\Wbem;C:\Windows\System32\WindowsPowerShell\v1.0\;C:\Program Files\Intel\Intel(R) Management Engine Components\DAL;C:\Program Files (x86)\Intel\Intel(R) Management Engine Components\DAL;C:\Program Files\Intel\Intel(R) Management Engine Components\IPT;C:\Program Files (x86)\Intel\Intel(R) Management Engine Components\IPT;C:\Program Files (x86)\AMD\ATI.ACE\Core-Static;C:\Program Files (x86)\GtkSharp\2.12\bin;C:\xampp\mysql\bin;C:\Program Files\TortoiseSVN\bin;C:\Program Files\Microsoft SQL Server\110\Tools\Binn\;C:\Program Files\Git\cmd;C:\Program Files (x86)\Microsoft SDKs\TypeScript\1.0\;C:\Program Files\Microsoft SQL Server\120\Tools\Binn\
USERNAME=basement
OS=Windows_NT
PROCESSOR_IDENTIFIER=Intel64 Family 6 Model 63 Stepping 2, GenuineIntel



---------------  S Y S T E M  ---------------

OS: Windows 7 , 64 bit Build 7601 (6.1.7601.23418)

CPU:total 12 (6 cores per cpu, 2 threads per core) family 6 model 63 stepping 2, cmov, cx8, fxsr, mmx, sse, sse2, sse3, ssse3, sse4.1, sse4.2, popcnt, avx, avx2, aes, clmul, erms, lzcnt, ht, tsc, tscinvbit, bmi1, bmi2

Memory: 4k page, physical 8279488k(1150944k free), swap 9326204k(5420k free)

vm_info: Java HotSpot(TM) 64-Bit Server VM (25.40-b25) for windows-amd64 JRE (1.8.0_40-b25), built on Feb 10 2015 21:53:57 by "java_re" with MS VC++ 10.0 (VS2010)

time: Sun Jun 19 10:34:43 2016
elapsed time: 1 seconds (0d 0h 0m 1s)

