#
# There is insufficient memory for the Java Runtime Environment to continue.
# Native memory allocation (malloc) failed to allocate 1134496 bytes for Chunk::new
# Possible reasons:
#   The system is out of physical RAM or swap space
#   In 32 bit mode, the process size limit was hit
# Possible solutions:
#   Reduce memory load on the system
#   Increase physical memory or swap space
#   Check if swap backing store is full
#   Use 64 bit Java on a 64 bit OS
#   Decrease Java heap size (-Xmx/-Xms)
#   Decrease number of Java threads
#   Decrease Java thread stack sizes (-Xss)
#   Set larger code cache with -XX:ReservedCodeCacheSize=
# This output file may be truncated or incomplete.
#
#  Out of Memory Error (allocation.cpp:390), pid=3360, tid=6924
#
# JRE version: Java(TM) SE Runtime Environment (8.0_40-b25) (build 1.8.0_40-b25)
# Java VM: Java HotSpot(TM) 64-Bit Server VM (25.40-b25 mixed mode windows-amd64 compressed oops)
# Failed to write core dump. Minidumps are not enabled by default on client versions of Windows
#

---------------  T H R E A D  ---------------

Current thread (0x000000001698e000):  JavaThread "C2 CompilerThread2" daemon [_thread_in_native, id=6924, stack(0x00000000181a0000,0x00000000182a0000)]

Stack: [0x00000000181a0000,0x00000000182a0000]
Native frames: (J=compiled Java code, j=interpreted, Vv=VM code, C=native code)
V  [jvm.dll+0x32b47a]


Current CompileTask:
C2:   3313 2180       4       com.android.dx.ssa.SCCP::addUsersToWorklist (103 bytes)


---------------  P R O C E S S  ---------------

Java Threads: ( => current thread )
  0x0000000018dc6000 JavaThread "pool-1-thread-1" [_thread_in_Java, id=8168, stack(0x000000001bc20000,0x000000001bd20000)]
  0x0000000016a18000 JavaThread "Service Thread" daemon [_thread_blocked, id=6272, stack(0x0000000018b30000,0x0000000018c30000)]
  0x000000001698e800 JavaThread "C1 CompilerThread3" daemon [_thread_blocked, id=7908, stack(0x0000000018a00000,0x0000000018b00000)]
=>0x000000001698e000 JavaThread "C2 CompilerThread2" daemon [_thread_in_native, id=6924, stack(0x00000000181a0000,0x00000000182a0000)]
  0x0000000016983000 JavaThread "C2 CompilerThread1" daemon [_thread_in_native, id=7244, stack(0x0000000018820000,0x0000000018920000)]
  0x000000001697c000 JavaThread "C2 CompilerThread0" daemon [_thread_in_native, id=8828, stack(0x0000000018680000,0x0000000018780000)]
  0x0000000016974800 JavaThread "Attach Listener" daemon [_thread_blocked, id=9520, stack(0x0000000018520000,0x0000000018620000)]
  0x0000000016971800 JavaThread "Signal Dispatcher" daemon [_thread_blocked, id=6312, stack(0x0000000018340000,0x0000000018440000)]
  0x000000001563e800 JavaThread "Finalizer" daemon [_thread_blocked, id=6772, stack(0x0000000017da0000,0x0000000017ea0000)]
  0x0000000016914800 JavaThread "Reference Handler" daemon [_thread_blocked, id=3772, stack(0x0000000018070000,0x0000000018170000)]
  0x0000000001e6e800 JavaThread "main" [_thread_blocked, id=10060, stack(0x0000000002340000,0x0000000002440000)]

Other Threads:
  0x0000000015637800 VMThread [stack: 0x0000000017ec0000,0x0000000017fc0000] [id=4336]
  0x0000000016a19000 WatcherThread [stack: 0x0000000018c30000,0x0000000018d30000] [id=7604]

VM state:not at safepoint (normal execution)

VM Mutex/Monitor currently owned by a thread: None

Heap:
 PSYoungGen      total 290304K, used 97361K [0x00000000eab00000, 0x00000000fec00000, 0x0000000100000000)
  eden space 262656K, 27% used [0x00000000eab00000,0x00000000ef28eb80,0x00000000fab80000)
  from space 27648K, 87% used [0x00000000fca00000,0x00000000fe185a40,0x00000000fe500000)
  to   space 31232K, 0% used [0x00000000fab80000,0x00000000fab80000,0x00000000fca00000)
 ParOldGen       total 87552K, used 43834K [0x00000000c0000000, 0x00000000c5580000, 0x00000000eab00000)
  object space 87552K, 50% used [0x00000000c0000000,0x00000000c2acebd8,0x00000000c5580000)
 Metaspace       used 6550K, capacity 7320K, committed 7680K, reserved 1056768K
  class space    used 619K, capacity 656K, committed 768K, reserved 1048576K

Card table byte_map: [0x0000000011ad0000,0x0000000011ce0000] byte_map_base: 0x00000000114d0000

Marking Bits: (ParMarkBitMap*) 0x00000000533a4040
 Begin Bits: [0x0000000012a40000, 0x0000000013a40000)
 End Bits:   [0x0000000013a40000, 0x0000000014a40000)

Polling page: 0x00000000003d0000

CodeCache: size=245760Kb used=9175Kb max_used=9175Kb free=236584Kb
 bounds [0x0000000002710000, 0x0000000003010000, 0x0000000011710000]
 total_blobs=2593 nmethods=2323 adapters=182
 compilation: enabled

Compilation events (10 events):
Event: 3.254 Thread 0x000000001698e800 2444       3       com.android.dx.dex.code.StdCatchBuilder::hasAnyCatches (57 bytes)
Event: 3.254 Thread 0x000000001698e800 nmethod 2444 0x0000000003008890 code [0x0000000003008a80, 0x0000000003009778]
Event: 3.254 Thread 0x000000001698e800 2445       3       com.android.dx.dex.file.CodeItem::addContents (174 bytes)
Event: 3.255 Thread 0x000000001698e800 nmethod 2445 0x0000000003009cd0 code [0x0000000003009fe0, 0x000000000300b908]
Event: 3.255 Thread 0x000000001698e800 2446       2       java.util.HashSet::<init> (17 bytes)
Event: 3.255 Thread 0x000000001698e800 nmethod 2446 0x0000000003000b10 code [0x0000000003000ca0, 0x0000000003000ea8]
Event: 3.257 Thread 0x000000001698e800 2447       2       com.android.dx.dex.code.StdCatchBuilder::getCatchTypes (97 bytes)
Event: 3.258 Thread 0x000000001698e800 nmethod 2447 0x000000000300c3d0 code [0x000000000300c5e0, 0x000000000300cb58]
Event: 3.268 Thread 0x000000001698e800 2449       2       com.android.dx.rop.code.SwitchInsn::getCatches (4 bytes)
Event: 3.268 Thread 0x000000001698e800 nmethod 2449 0x000000000300d290 code [0x000000000300d3e0, 0x000000000300d530]

GC Heap History (10 events):
Event: 0.599 GC heap before
{Heap before GC invocations=2 (full 0):
 PSYoungGen      total 38400K, used 38378K [0x00000000eab00000, 0x00000000ef600000, 0x0000000100000000)
  eden space 33280K, 100% used [0x00000000eab00000,0x00000000ecb80000,0x00000000ecb80000)
  from space 5120K, 99% used [0x00000000ecb80000,0x00000000ed07aa98,0x00000000ed080000)
  to   space 5120K, 0% used [0x00000000ef100000,0x00000000ef100000,0x00000000ef600000)
 ParOldGen       total 87552K, used 339K [0x00000000c0000000, 0x00000000c5580000, 0x00000000eab00000)
  object space 87552K, 0% used [0x00000000c0000000,0x00000000c0054f58,0x00000000c5580000)
 Metaspace       used 5965K, capacity 6896K, committed 7040K, reserved 1056768K
  class space    used 592K, capacity 616K, committed 640K, reserved 1048576K
Event: 0.610 GC heap after
Heap after GC invocations=2 (full 0):
 PSYoungGen      total 71680K, used 5089K [0x00000000eab00000, 0x00000000ef600000, 0x0000000100000000)
  eden space 66560K, 0% used [0x00000000eab00000,0x00000000eab00000,0x00000000eec00000)
  from space 5120K, 99% used [0x00000000ef100000,0x00000000ef5f84c8,0x00000000ef600000)
  to   space 5120K, 0% used [0x00000000eec00000,0x00000000eec00000,0x00000000ef100000)
 ParOldGen       total 87552K, used 4244K [0x00000000c0000000, 0x00000000c5580000, 0x00000000eab00000)
  object space 87552K, 4% used [0x00000000c0000000,0x00000000c0425120,0x00000000c5580000)
 Metaspace       used 5965K, capacity 6896K, committed 7040K, reserved 1056768K
  class space    used 592K, capacity 616K, committed 640K, reserved 1048576K
}
Event: 0.854 GC heap before
{Heap before GC invocations=3 (full 0):
 PSYoungGen      total 71680K, used 71649K [0x00000000eab00000, 0x00000000ef600000, 0x0000000100000000)
  eden space 66560K, 100% used [0x00000000eab00000,0x00000000eec00000,0x00000000eec00000)
  from space 5120K, 99% used [0x00000000ef100000,0x00000000ef5f84c8,0x00000000ef600000)
  to   space 5120K, 0% used [0x00000000eec00000,0x00000000eec00000,0x00000000ef100000)
 ParOldGen       total 87552K, used 4244K [0x00000000c0000000, 0x00000000c5580000, 0x00000000eab00000)
  object space 87552K, 4% used [0x00000000c0000000,0x00000000c0425120,0x00000000c5580000)
 Metaspace       used 6099K, capacity 7024K, committed 7296K, reserved 1056768K
  class space    used 593K, capacity 616K, committed 640K, reserved 1048576K
Event: 0.882 GC heap after
Heap after GC invocations=3 (full 0):
 PSYoungGen      total 71680K, used 5119K [0x00000000eab00000, 0x00000000f3700000, 0x0000000100000000)
  eden space 66560K, 0% used [0x00000000eab00000,0x00000000eab00000,0x00000000eec00000)
  from space 5120K, 99% used [0x00000000eec00000,0x00000000ef0fff40,0x00000000ef100000)
  to   space 5120K, 0% used [0x00000000f3200000,0x00000000f3200000,0x00000000f3700000)
 ParOldGen       total 87552K, used 13465K [0x00000000c0000000, 0x00000000c5580000, 0x00000000eab00000)
  object space 87552K, 15% used [0x00000000c0000000,0x00000000c0d264c8,0x00000000c5580000)
 Metaspace       used 6099K, capacity 7024K, committed 7296K, reserved 1056768K
  class space    used 593K, capacity 616K, committed 640K, reserved 1048576K
}
Event: 1.113 GC heap before
{Heap before GC invocations=4 (full 0):
 PSYoungGen      total 71680K, used 71679K [0x00000000eab00000, 0x00000000f3700000, 0x0000000100000000)
  eden space 66560K, 100% used [0x00000000eab00000,0x00000000eec00000,0x00000000eec00000)
  from space 5120K, 99% used [0x00000000eec00000,0x00000000ef0fff40,0x00000000ef100000)
  to   space 5120K, 0% used [0x00000000f3200000,0x00000000f3200000,0x00000000f3700000)
 ParOldGen       total 87552K, used 13465K [0x00000000c0000000, 0x00000000c5580000, 0x00000000eab00000)
  object space 87552K, 15% used [0x00000000c0000000,0x00000000c0d264c8,0x00000000c5580000)
 Metaspace       used 6227K, capacity 7152K, committed 7296K, reserved 1056768K
  class space    used 593K, capacity 616K, committed 640K, reserved 1048576K
Event: 1.235 GC heap after
Heap after GC invocations=4 (full 0):
 PSYoungGen      total 138240K, used 5105K [0x00000000eab00000, 0x00000000f3700000, 0x0000000100000000)
  eden space 133120K, 0% used [0x00000000eab00000,0x00000000eab00000,0x00000000f2d00000)
  from space 5120K, 99% used [0x00000000f3200000,0x00000000f36fc5c0,0x00000000f3700000)
  to   space 5120K, 0% used [0x00000000f2d00000,0x00000000f2d00000,0x00000000f3200000)
 ParOldGen       total 87552K, used 23541K [0x00000000c0000000, 0x00000000c5580000, 0x00000000eab00000)
  object space 87552K, 26% used [0x00000000c0000000,0x00000000c16fd7a0,0x00000000c5580000)
 Metaspace       used 6227K, capacity 7152K, committed 7296K, reserved 1056768K
  class space    used 593K, capacity 616K, committed 640K, reserved 1048576K
}
Event: 1.692 GC heap before
{Heap before GC invocations=5 (full 0):
 PSYoungGen      total 138240K, used 138225K [0x00000000eab00000, 0x00000000f3700000, 0x0000000100000000)
  eden space 133120K, 100% used [0x00000000eab00000,0x00000000f2d00000,0x00000000f2d00000)
  from space 5120K, 99% used [0x00000000f3200000,0x00000000f36fc5c0,0x00000000f3700000)
  to   space 5120K, 0% used [0x00000000f2d00000,0x00000000f2d00000,0x00000000f3200000)
 ParOldGen       total 87552K, used 23541K [0x00000000c0000000, 0x00000000c5580000, 0x00000000eab00000)
  object space 87552K, 26% used [0x00000000c0000000,0x00000000c16fd7a0,0x00000000c5580000)
 Metaspace       used 6385K, capacity 7192K, committed 7424K, reserved 1056768K
  class space    used 613K, capacity 656K, committed 768K, reserved 1048576K
Event: 1.790 GC heap after
Heap after GC invocations=5 (full 0):
 PSYoungGen      total 138240K, used 5117K [0x00000000eab00000, 0x00000000fe500000, 0x0000000100000000)
  eden space 133120K, 0% used [0x00000000eab00000,0x00000000eab00000,0x00000000f2d00000)
  from space 5120K, 99% used [0x00000000f2d00000,0x00000000f31ff518,0x00000000f3200000)
  to   space 27648K, 0% used [0x00000000fca00000,0x00000000fca00000,0x00000000fe500000)
 ParOldGen       total 87552K, used 43834K [0x00000000c0000000, 0x00000000c5580000, 0x00000000eab00000)
  object space 87552K, 50% used [0x00000000c0000000,0x00000000c2acebd8,0x00000000c5580000)
 Metaspace       used 6385K, capacity 7192K, committed 7424K, reserved 1056768K
  class space    used 613K, capacity 656K, committed 768K, reserved 1048576K
}
Event: 2.711 GC heap before
{Heap before GC invocations=6 (full 0):
 PSYoungGen      total 138240K, used 138237K [0x00000000eab00000, 0x00000000fe500000, 0x0000000100000000)
  eden space 133120K, 100% used [0x00000000eab00000,0x00000000f2d00000,0x00000000f2d00000)
  from space 5120K, 99% used [0x00000000f2d00000,0x00000000f31ff518,0x00000000f3200000)
  to   space 27648K, 0% used [0x00000000fca00000,0x00000000fca00000,0x00000000fe500000)
 ParOldGen       total 87552K, used 43834K [0x00000000c0000000, 0x00000000c5580000, 0x00000000eab00000)
  object space 87552K, 50% used [0x00000000c0000000,0x00000000c2acebd8,0x00000000c5580000)
 Metaspace       used 6448K, capacity 7256K, committed 7424K, reserved 1056768K
  class space    used 613K, capacity 656K, committed 768K, reserved 1048576K
Event: 2.881 GC heap after
Heap after GC invocations=6 (full 0):
 PSYoungGen      total 290304K, used 24086K [0x00000000eab00000, 0x00000000fec00000, 0x0000000100000000)
  eden space 262656K, 0% used [0x00000000eab00000,0x00000000eab00000,0x00000000fab80000)
  from space 27648K, 87% used [0x00000000fca00000,0x00000000fe185a40,0x00000000fe500000)
  to   space 31232K, 0% used [0x00000000fab80000,0x00000000fab80000,0x00000000fca00000)
 ParOldGen       total 87552K, used 43834K [0x00000000c0000000, 0x00000000c5580000, 0x00000000eab00000)
  object space 87552K, 50% used [0x00000000c0000000,0x00000000c2acebd8,0x00000000c5580000)
 Metaspace       used 6448K, capacity 7256K, committed 7424K, reserved 1056768K
  class space    used 613K, capacity 656K, committed 768K, reserved 1048576K
}

Deoptimization events (10 events):
Event: 1.651 Thread 0x0000000016c1e800 Uncommon trap: reason=bimorphic action=maybe_recompile pc=0x0000000002d0210c method=com.android.dx.ssa.LiteralOpUpgrader.tryReplacingWithConstant(Lcom/android/dx/ssa/NormalSsaInsn;)Z @ 62
Event: 1.656 Thread 0x0000000016c1e800 Uncommon trap: reason=bimorphic action=maybe_recompile pc=0x0000000002d0210c method=com.android.dx.ssa.LiteralOpUpgrader.tryReplacingWithConstant(Lcom/android/dx/ssa/NormalSsaInsn;)Z @ 62
Event: 2.240 Thread 0x0000000016c1e800 Uncommon trap: reason=unstable_if action=reinterpret pc=0x0000000002d6c938 method=java.util.HashMap.putVal(ILjava/lang/Object;Ljava/lang/Object;ZZ)Ljava/lang/Object; @ 109
Event: 2.660 Thread 0x0000000001e6e800 Uncommon trap: reason=unstable_if action=reinterpret pc=0x0000000002e99988 method=com.android.dx.rop.code.DexTranslationAdvice.hasConstantOperation(Lcom/android/dx/rop/code/Rop;Lcom/android/dx/rop/code/RegisterSpec;Lcom/android/dx/rop/code/RegisterSpec;)Z üÁTæ”—@
Event: 2.949 Thread 0x0000000016c0a000 Uncommon trap: reason=null_check action=make_not_entrant pc=0x0000000002fa4798 method=com.android.dx.ssa.SsaRenamer.getLocalForNewReg(I)Lcom/android/dx/rop/code/LocalItem; @ 19
Event: 3.166 Thread 0x0000000018dc6000 Uncommon trap: reason=class_check action=maybe_recompile pc=0x0000000002a9c948 method=java.util.Arrays.hashCode([Ljava/lang/Object;)I @ 43
Event: 3.166 Thread 0x0000000018dc6000 Uncommon trap: reason=class_check action=maybe_recompile pc=0x0000000002a9c948 method=java.util.Arrays.hashCode([Ljava/lang/Object;)I @ 43
Event: 3.166 Thread 0x0000000018dc6000 Uncommon trap: reason=class_check action=maybe_recompile pc=0x0000000002a9c948 method=java.util.Arrays.hashCode([Ljava/lang/Object;)I @ 43
Event: 3.166 Thread 0x0000000018dc6000 Uncommon trap: reason=class_check action=maybe_recompile pc=0x0000000002a9c948 method=java.util.Arrays.hashCode([Ljava/lang/Object;)I @ 43
Event: 3.166 Thread 0x0000000018dc6000 Uncommon trap: reason=class_check action=maybe_recompile pc=0x0000000002a86a78 method=java.util.Arrays.hashCode([Ljava/lang/Object;)I @ 43

Internal exceptions (8 events):
Event: 0.034 Thread 0x0000000001e6e800 Exception <a 'java/lang/NoSuchMethodError': Method sun.misc.Unsafe.defineClass(Ljava/lang/String;[BII)Ljava/lang/Class; name or signature does not match> (0x00000000eab0d860) thrown at [D:\re\workspace\8-2-build-windows-amd64-cygwin\jdk8u40\2855\hotspot\srÞ@rVª¡?
Event: 0.035 Thread 0x0000000001e6e800 Exception <a 'java/lang/NoSuchMethodError': Method sun.misc.Unsafe.prefetchRead(Ljava/lang/Object;J)V name or signature does not match> (0x00000000eab0daf0) thrown at [D:\re\workspace\8-2-build-windows-amd64-cygwin\jdk8u40\2855\hotspot\src\share\vm\prims\j[&RËÒÜ?
Event: 0.450 Thread 0x0000000016c1e800 Implicit null exception at 0x00000000029bfc92 to 0x00000000029bfd95
Event: 1.293 Thread 0x0000000016c0c800 Implicit null exception at 0x0000000002cbb2fb to 0x0000000002cbc371
Event: 1.438 Thread 0x0000000001e6e800 Exception <a 'java/lang/ArrayIndexOutOfBoundsException': 18> (0x00000000f00e47e8) thrown at [D:\re\workspace\8-2-build-windows-amd64-cygwin\jdk8u40\2855\hotspot\src\share\vm\interpreter\interpreterRuntime.cpp, line 366]
Event: 1.438 Thread 0x0000000001e6e800 Exception <a 'java/lang/ArrayIndexOutOfBoundsException': 145> (0x00000000f00e62b8) thrown at [D:\re\workspace\8-2-build-windows-amd64-cygwin\jdk8u40\2855\hotspot\src\share\vm\interpreter\interpreterRuntime.cpp, line 366]
Event: 1.453 Thread 0x0000000001e6e800 Exception <a 'java/lang/ArrayIndexOutOfBoundsException'> (0x00000000f00e74f0) thrown at [D:\re\workspace\8-2-build-windows-amd64-cygwin\jdk8u40\2855\hotspot\src\share\vm\runtime\sharedRuntime.cpp, line 605]
Event: 2.949 Thread 0x0000000016c0a000 Implicit null exception at 0x0000000002f9f56e to 0x0000000002fa4751

Events (10 events):
Event: 3.166 Thread 0x0000000018dc6000 DEOPT UNPACKING pc=0x000000000275582a sp=0x000000001bd1eed0 mode 2
Event: 3.166 Thread 0x0000000018dc6000 Uncommon trap: trap_request=0xffffffde fr.pc=0x0000000002a86a78
Event: 3.166 Thread 0x0000000018dc6000 DEOPT PACKING pc=0x0000000002a86a78 sp=0x000000001bd1ec70
Event: 3.166 Thread 0x0000000018dc6000 DEOPT UNPACKING pc=0x000000000275582a sp=0x000000001bd1ebf8 mode 2
Event: 3.166 loading class com/android/dx/rop/cst/Zeroes
Event: 3.166 loading class com/android/dx/rop/cst/Zeroes done
Event: 3.202 loading class com/android/dx/dex/file/CatchStructs
Event: 3.202 loading class com/android/dx/dex/file/CatchStructs done
Event: 3.215 Thread 0x0000000018dc6000 DEOPT PACKING pc=0x0000000002ff8a3c sp=0x000000001bd1f0d0
Event: 3.215 Thread 0x0000000018dc6000 DEOPT UNPACKING pc=0x000000000275787f sp=0x000000001bd1ee60 mode 0


Dynamic libraries:
0x000000013fee0000 - 0x000000013ff17000 	C:\Program Files\Java\jdk1.8.0_40\bin\java.exe
0x0000000076da0000 - 0x0000000076f4a000 	C:\Windows\SYSTEM32\ntdll.dll
0x0000000076c80000 - 0x0000000076d9f000 	C:\Windows\system32\kernel32.dll
0x000007fefcb40000 - 0x000007fefcbaa000 	C:\Windows\system32\KERNELBASE.dll
0x000007fefddc0000 - 0x000007fefde9b000 	C:\Windows\system32\ADVAPI32.dll
0x000007fefd250000 - 0x000007fefd2ef000 	C:\Windows\system32\msvcrt.dll
0x000007fefd500000 - 0x000007fefd51f000 	C:\Windows\SYSTEM32\sechost.dll
0x000007fefd820000 - 0x000007fefd94d000 	C:\Windows\system32\RPCRT4.dll
0x0000000076b80000 - 0x0000000076c7a000 	C:\Windows\system32\USER32.dll
0x000007fefec80000 - 0x000007fefece7000 	C:\Windows\system32\GDI32.dll
0x000007fefdce0000 - 0x000007fefdcee000 	C:\Windows\system32\LPK.dll
0x000007fefef80000 - 0x000007feff04a000 	C:\Windows\system32\USP10.dll
0x000007fefb010000 - 0x000007fefb204000 	C:\Windows\WinSxS\amd64_microsoft.windows.common-controls_6595b64144ccf1df_6.0.7601.18837_none_fa3b1e3d17594757\COMCTL32.dll
0x000007fefd530000 - 0x000007fefd5a1000 	C:\Windows\system32\SHLWAPI.dll
0x000007fefdd90000 - 0x000007fefddbe000 	C:\Windows\system32\IMM32.DLL
0x000007fefdb30000 - 0x000007fefdc39000 	C:\Windows\system32\MSCTF.dll
0x0000000053cd0000 - 0x0000000053da2000 	C:\Program Files\Java\jdk1.8.0_40\jre\bin\msvcr100.dll
0x0000000052ba0000 - 0x0000000053423000 	C:\Program Files\Java\jdk1.8.0_40\jre\bin\server\jvm.dll
0x000007fef6f40000 - 0x000007fef6f49000 	C:\Windows\system32\WSOCK32.dll
0x000007fefec30000 - 0x000007fefec7d000 	C:\Windows\system32\WS2_32.dll
0x000007fefd520000 - 0x000007fefd528000 	C:\Windows\system32\NSI.dll
0x000007fef8e20000 - 0x000007fef8e5b000 	C:\Windows\system32\WINMM.dll
0x000007fefbbc0000 - 0x000007fefbbcc000 	C:\Windows\system32\VERSION.dll
0x0000000076f60000 - 0x0000000076f67000 	C:\Windows\system32\PSAPI.DLL
0x000000005e2e0000 - 0x000000005e2ef000 	C:\Program Files\Java\jdk1.8.0_40\jre\bin\verify.dll
0x0000000053ca0000 - 0x0000000053cc9000 	C:\Program Files\Java\jdk1.8.0_40\jre\bin\java.dll
0x0000000053e30000 - 0x0000000053e46000 	C:\Program Files\Java\jdk1.8.0_40\jre\bin\zip.dll
0x000007fefdea0000 - 0x000007fefec2c000 	C:\Windows\system32\SHELL32.dll
0x000007fefd2f0000 - 0x000007fefd4f3000 	C:\Windows\system32\ole32.dll
0x000007fefcb30000 - 0x000007fefcb3f000 	C:\Windows\system32\profapi.dll

VM Arguments:
jvm_args: -Djava.awt.headless=true -Xmx1024M -Dfile.encoding=windows-1252 -Duser.country=US -Duser.language=en -Duser.variant 
java_command: com.android.dx.command.Main --dex --force-jumbo --num-threads=4 --multi-dex --output C:\Users\basement\AndroidStudioProjects\Safe3D\app\build\intermediates\transforms\dex\debug\folders\1000\10\com.android.support-support-v4-23.4.0_cad81ea266b7fd8048416c41882b3cc839a450ff C:\Users\basement\AndroidStudioProjects\Safe3D\app\build\intermediates\exploded-aar\com.android.support\support-v4\23.4.0\jars\classes.jar
java_class_path (initial): C:\Users\basement\AppData\Local\Android\sdk\build-tools\23.0.3\lib\dx.jar
Launcher Type: SUN_STANDARD

Environment Variables:
JAVA_HOME=C:\Program Files\Java\jdk1.8.0_51
PATH=C:\Perl\site\bin;C:\Perl\bin;C:\ProgramData\Oracle\Java\javapath;C:\Program Files (x86)\Intel\iCLS Client\;C:\Program Files\Intel\iCLS Client\;C:\Windows\system32;C:\Windows;C:\Windows\System32\Wbem;C:\Windows\System32\WindowsPowerShell\v1.0\;C:\Program Files\Intel\Intel(R) Management Engine Components\DAL;C:\Program Files (x86)\Intel\Intel(R) Management Engine Components\DAL;C:\Program Files\Intel\Intel(R) Management Engine Components\IPT;C:\Program Files (x86)\Intel\Intel(R) Management Engine Components\IPT;C:\Program Files (x86)\AMD\ATI.ACE\Core-Static;C:\Program Files (x86)\GtkSharp\2.12\bin;C:\xampp\mysql\bin;C:\Program Files\TortoiseSVN\bin;C:\Program Files\Microsoft SQL Server\110\Tools\Binn\;C:\Program Files\Git\cmd;C:\Program Files (x86)\Microsoft SDKs\TypeScript\1.0\;C:\Program Files\Microsoft SQL Server\120\Tools\Binn\
USERNAME=basement
OS=Windows_NT
PROCESSOR_IDENTIFIER=Intel64 Family 6 Model 63 Stepping 2, GenuineIntel



---------------  S Y S T E M  ---------------

OS: Windows 7 , 64 bit Build 7601 (6.1.7601.23418)

CPU:total 12 (6 cores per cpu, 2 threads per core) family 6 model 63 stepping 2, cmov, cx8, fxsr, mmx, sse, sse2, sse3, ssse3, sse4.1, sse4.2, popcnt, avx, avx2, aes, clmul, erms, lzcnt, ht, tsc, tscinvbit, bmi1, bmi2

Memory: 4k page, physical 8279488k(1479772k free), swap 9326204k(5004k free)

vm_info: Java HotSpot(TM) 64-Bit Server VM (25.40-b25) for windows-amd64 JRE (1.8.0_40-b25), built on Feb 10 2015 21:53:57 by "java_re" with MS VC++ 10.0 (VS2010)

time: Sun Jun 19 09:36:06 2016
elapsed time: 3 seconds (0d 0h 0m 3s)

