#
# There is insufficient memory for the Java Runtime Environment to continue.
# Native memory allocation (malloc) failed to allocate 614656 bytes for Chunk::new
# Possible reasons:
#   The system is out of physical RAM or swap space
#   In 32 bit mode, the process size limit was hit
# Possible solutions:
#   Reduce memory load on the system
#   Increase physical memory or swap space
#   Check if swap backing store is full
#   Use 64 bit Java on a 64 bit OS
#   Decrease Java heap size (-Xmx/-Xms)
#   Decrease number of Java threads
#   Decrease Java thread stack sizes (-Xss)
#   Set larger code cache with -XX:ReservedCodeCacheSize=
# This output file may be truncated or incomplete.
#
#  Out of Memory Error (allocation.cpp:390), pid=6632, tid=8272
#
# JRE version: Java(TM) SE Runtime Environment (8.0_40-b25) (build 1.8.0_40-b25)
# Java VM: Java HotSpot(TM) 64-Bit Server VM (25.40-b25 mixed mode windows-amd64 compressed oops)
# Failed to write core dump. Minidumps are not enabled by default on client versions of Windows
#

---------------  T H R E A D  ---------------

Current thread (0x0000000016bf1000):  JavaThread "C2 CompilerThread1" daemon [_thread_in_native, id=8272, stack(0x00000000189f0000,0x0000000018af0000)]

Stack: [0x00000000189f0000,0x0000000018af0000]
Native frames: (J=compiled Java code, j=interpreted, Vv=VM code, C=native code)
V  [jvm.dll+0x32b47a]
V  [jvm.dll+0x2797f3]
V  [jvm.dll+0x27a489]
V  [jvm.dll+0x2717a5]
V  [jvm.dll+0xcb9a2]
V  [jvm.dll+0xcbe6c]
V  [jvm.dll+0x476ea2]
V  [jvm.dll+0x4b950f]
V  [jvm.dll+0x46bf81]
V  [jvm.dll+0x46ccbe]
V  [jvm.dll+0x4500d2]
V  [jvm.dll+0xa4312]
V  [jvm.dll+0xa4c4f]
V  [jvm.dll+0x241914]
V  [jvm.dll+0x29848a]
C  [msvcr100.dll+0x21d9f]
C  [msvcr100.dll+0x21e3b]
C  [kernel32.dll+0x159bd]
C  [ntdll.dll+0x2a2e1]


Current CompileTask:
C2:   2533 2216       4       com.android.dx.ssa.SsaMethod::isRegALocal (90 bytes)


---------------  P R O C E S S  ---------------

Java Threads: ( => current thread )
  0x000000001918a000 JavaThread "pool-2-thread-4" [_thread_blocked, id=10160, stack(0x0000000019e70000,0x0000000019f70000)]
  0x000000001918a800 JavaThread "pool-2-thread-3" [_thread_blocked, id=10188, stack(0x0000000019bc0000,0x0000000019cc0000)]
  0x0000000019189000 JavaThread "pool-2-thread-2" [_thread_blocked, id=8236, stack(0x0000000019ac0000,0x0000000019bc0000)]
  0x0000000016e58000 JavaThread "pool-3-thread-1" [_thread_blocked, id=5508, stack(0x0000000019920000,0x0000000019a20000)]
  0x0000000016e57800 JavaThread "pool-2-thread-1" [_thread_in_Java, id=7260, stack(0x0000000018e90000,0x0000000018f90000)]
  0x0000000016c86000 JavaThread "Service Thread" daemon [_thread_blocked, id=3100, stack(0x0000000018d30000,0x0000000018e30000)]
  0x0000000016c04800 JavaThread "C1 CompilerThread3" daemon [_thread_blocked, id=6636, stack(0x0000000018be0000,0x0000000018ce0000)]
  0x0000000016bf8000 JavaThread "C2 CompilerThread2" daemon [_thread_in_native, id=7156, stack(0x0000000012cd0000,0x0000000012dd0000)]
=>0x0000000016bf1000 JavaThread "C2 CompilerThread1" daemon [_thread_in_native, id=8272, stack(0x00000000189f0000,0x0000000018af0000)]
  0x0000000016bea000 JavaThread "C2 CompilerThread0" daemon [_thread_in_native, id=7604, stack(0x00000000187e0000,0x00000000188e0000)]
  0x0000000016be2800 JavaThread "Attach Listener" daemon [_thread_blocked, id=2888, stack(0x0000000018670000,0x0000000018770000)]
  0x0000000016bdf000 JavaThread "Signal Dispatcher" daemon [_thread_blocked, id=7036, stack(0x0000000018490000,0x0000000018590000)]
  0x0000000015ace800 JavaThread "Finalizer" daemon [_thread_blocked, id=8664, stack(0x00000000181a0000,0x00000000182a0000)]
  0x0000000016b84800 JavaThread "Reference Handler" daemon [_thread_blocked, id=9124, stack(0x0000000018350000,0x0000000018450000)]
  0x000000000217e800 JavaThread "main" [_thread_in_vm, id=3396, stack(0x0000000002310000,0x0000000002410000)]

Other Threads:
  0x0000000015ac7800 VMThread [stack: 0x0000000018080000,0x0000000018180000] [id=4128]
  0x0000000016c87800 WatcherThread [stack: 0x0000000018f90000,0x0000000019090000] [id=2068]

VM state:not at safepoint (normal execution)

VM Mutex/Monitor currently owned by a thread: None

Heap:
 PSYoungGen      total 138240K, used 45311K [0x00000000eab00000, 0x00000000fe400000, 0x0000000100000000)
  eden space 133120K, 30% used [0x00000000eab00000,0x00000000ed2475d0,0x00000000f2d00000)
  from space 5120K, 99% used [0x00000000f2d00000,0x00000000f31f8708,0x00000000f3200000)
  to   space 27136K, 0% used [0x00000000fc980000,0x00000000fc980000,0x00000000fe400000)
 ParOldGen       total 87552K, used 42816K [0x00000000c0000000, 0x00000000c5580000, 0x00000000eab00000)
  object space 87552K, 48% used [0x00000000c0000000,0x00000000c29d03a8,0x00000000c5580000)
 Metaspace       used 6441K, capacity 7256K, committed 7424K, reserved 1056768K
  class space    used 614K, capacity 656K, committed 768K, reserved 1048576K

Card table byte_map: [0x0000000011aa0000,0x0000000011cb0000] byte_map_base: 0x00000000114a0000

Marking Bits: (ParMarkBitMap*) 0x0000000070aa4040
 Begin Bits: [0x0000000012ed0000, 0x0000000013ed0000)
 End Bits:   [0x0000000013ed0000, 0x0000000014ed0000)

Polling page: 0x0000000001b70000

CodeCache: size=245760Kb used=8318Kb max_used=8318Kb free=237441Kb
 bounds [0x00000000026e0000, 0x0000000002f10000, 0x00000000116e0000]
 total_blobs=2385 nmethods=2113 adapters=182
 compilation: enabled

Compilation events (10 events):
Event: 2.456 Thread 0x0000000016c04800 nmethod 2235 0x0000000002e568d0 code [0x0000000002e56a20, 0x0000000002e56b10]
Event: 2.458 Thread 0x0000000016c04800 2237       2       com.android.dx.cf.direct.DirectClassFile::isGoodVersion (38 bytes)
Event: 2.458 Thread 0x0000000016c04800 nmethod 2237 0x0000000002ea7bd0 code [0x0000000002ea7d20, 0x0000000002ea7ed0]
Event: 2.466 Thread 0x0000000016bf1000 nmethod 2153 0x0000000002eef090 code [0x0000000002eef260, 0x0000000002eefdf8]
Event: 2.466 Thread 0x0000000016bf1000 2216       4       com.android.dx.ssa.SsaMethod::isRegALocal (90 bytes)
Event: 2.470 Thread 0x0000000016c04800 2238       2       com.android.dx.cf.cst.ConstantPoolParser::<init> (41 bytes)
Event: 2.470 Thread 0x0000000016c04800 nmethod 2238 0x0000000002ec16d0 code [0x0000000002ec1840, 0x0000000002ec1bb8]
Event: 2.500 Thread 0x0000000016c04800 2239       2       com.android.dx.cf.direct.AnnotationParser::<init> (69 bytes)
Event: 2.501 Thread 0x0000000016c04800 nmethod 2239 0x0000000002ec0c90 code [0x0000000002ec0e40, 0x0000000002ec1348]
Event: 2.503 Thread 0x0000000016c04800 2240       2       com.android.dx.rop.type.Type::getClassName (94 bytes)

GC Heap History (10 events):
Event: 0.363 GC heap before
{Heap before GC invocations=1 (full 0):
 PSYoungGen      total 38400K, used 33280K [0x00000000eab00000, 0x00000000ed580000, 0x0000000100000000)
  eden space 33280K, 100% used [0x00000000eab00000,0x00000000ecb80000,0x00000000ecb80000)
  from space 5120K, 0% used [0x00000000ed080000,0x00000000ed080000,0x00000000ed580000)
  to   space 5120K, 0% used [0x00000000ecb80000,0x00000000ecb80000,0x00000000ed080000)
 ParOldGen       total 87552K, used 0K [0x00000000c0000000, 0x00000000c5580000, 0x00000000eab00000)
  object space 87552K, 0% used [0x00000000c0000000,0x00000000c0000000,0x00000000c5580000)
 Metaspace       used 5744K, capacity 6704K, committed 6784K, reserved 1056768K
  class space    used 590K, capacity 616K, committed 640K, reserved 1048576K
Event: 0.368 GC heap after
Heap after GC invocations=1 (full 0):
 PSYoungGen      total 38400K, used 5106K [0x00000000eab00000, 0x00000000ef600000, 0x0000000100000000)
  eden space 33280K, 0% used [0x00000000eab00000,0x00000000eab00000,0x00000000ecb80000)
  from space 5120K, 99% used [0x00000000ecb80000,0x00000000ed07c8e8,0x00000000ed080000)
  to   space 5120K, 0% used [0x00000000ef100000,0x00000000ef100000,0x00000000ef600000)
 ParOldGen       total 87552K, used 154K [0x00000000c0000000, 0x00000000c5580000, 0x00000000eab00000)
  object space 87552K, 0% used [0x00000000c0000000,0x00000000c0026a90,0x00000000c5580000)
 Metaspace       used 5744K, capacity 6704K, committed 6784K, reserved 1056768K
  class space    used 590K, capacity 616K, committed 640K, reserved 1048576K
}
Event: 0.506 GC heap before
{Heap before GC invocations=2 (full 0):
 PSYoungGen      total 38400K, used 38386K [0x00000000eab00000, 0x00000000ef600000, 0x0000000100000000)
  eden space 33280K, 100% used [0x00000000eab00000,0x00000000ecb80000,0x00000000ecb80000)
  from space 5120K, 99% used [0x00000000ecb80000,0x00000000ed07c8e8,0x00000000ed080000)
  to   space 5120K, 0% used [0x00000000ef100000,0x00000000ef100000,0x00000000ef600000)
 ParOldGen       total 87552K, used 154K [0x00000000c0000000, 0x00000000c5580000, 0x00000000eab00000)
  object space 87552K, 0% used [0x00000000c0000000,0x00000000c0026a90,0x00000000c5580000)
 Metaspace       used 5979K, capacity 6960K, committed 7040K, reserved 1056768K
  class space    used 592K, capacity 616K, committed 640K, reserved 1048576K
Event: 0.512 GC heap after
Heap after GC invocations=2 (full 0):
 PSYoungGen      total 71680K, used 5101K [0x00000000eab00000, 0x00000000ef600000, 0x0000000100000000)
  eden space 66560K, 0% used [0x00000000eab00000,0x00000000eab00000,0x00000000eec00000)
  from space 5120K, 99% used [0x00000000ef100000,0x00000000ef5fb698,0x00000000ef600000)
  to   space 5120K, 0% used [0x00000000eec00000,0x00000000eec00000,0x00000000ef100000)
 ParOldGen       total 87552K, used 3742K [0x00000000c0000000, 0x00000000c5580000, 0x00000000eab00000)
  object space 87552K, 4% used [0x00000000c0000000,0x00000000c03a7af8,0x00000000c5580000)
 Metaspace       used 5979K, capacity 6960K, committed 7040K, reserved 1056768K
  class space    used 592K, capacity 616K, committed 640K, reserved 1048576K
}
Event: 0.664 GC heap before
{Heap before GC invocations=3 (full 0):
 PSYoungGen      total 71680K, used 71661K [0x00000000eab00000, 0x00000000ef600000, 0x0000000100000000)
  eden space 66560K, 100% used [0x00000000eab00000,0x00000000eec00000,0x00000000eec00000)
  from space 5120K, 99% used [0x00000000ef100000,0x00000000ef5fb698,0x00000000ef600000)
  to   space 5120K, 0% used [0x00000000eec00000,0x00000000eec00000,0x00000000ef100000)
 ParOldGen       total 87552K, used 3742K [0x00000000c0000000, 0x00000000c5580000, 0x00000000eab00000)
  object space 87552K, 4% used [0x00000000c0000000,0x00000000c03a7af8,0x00000000c5580000)
 Metaspace       used 6039K, capacity 6960K, committed 7040K, reserved 1056768K
  class space    used 593K, capacity 616K, committed 640K, reserved 1048576K
Event: 0.681 GC heap after
Heap after GC invocations=3 (full 0):
 PSYoungGen      total 71680K, used 5089K [0x00000000eab00000, 0x00000000f3700000, 0x0000000100000000)
  eden space 66560K, 0% used [0x00000000eab00000,0x00000000eab00000,0x00000000eec00000)
  from space 5120K, 99% used [0x00000000eec00000,0x00000000ef0f8540,0x00000000ef100000)
  to   space 5120K, 0% used [0x00000000f3200000,0x00000000f3200000,0x00000000f3700000)
 ParOldGen       total 87552K, used 13005K [0x00000000c0000000, 0x00000000c5580000, 0x00000000eab00000)
  object space 87552K, 14% used [0x00000000c0000000,0x00000000c0cb36e0,0x00000000c5580000)
 Metaspace       used 6039K, capacity 6960K, committed 7040K, reserved 1056768K
  class space    used 593K, capacity 616K, committed 640K, reserved 1048576K
}
Event: 0.874 GC heap before
{Heap before GC invocations=4 (full 0):
 PSYoungGen      total 71680K, used 71649K [0x00000000eab00000, 0x00000000f3700000, 0x0000000100000000)
  eden space 66560K, 100% used [0x00000000eab00000,0x00000000eec00000,0x00000000eec00000)
  from space 5120K, 99% used [0x00000000eec00000,0x00000000ef0f8540,0x00000000ef100000)
  to   space 5120K, 0% used [0x00000000f3200000,0x00000000f3200000,0x00000000f3700000)
 ParOldGen       total 87552K, used 13005K [0x00000000c0000000, 0x00000000c5580000, 0x00000000eab00000)
  object space 87552K, 14% used [0x00000000c0000000,0x00000000c0cb36e0,0x00000000c5580000)
 Metaspace       used 6225K, capacity 7152K, committed 7296K, reserved 1056768K
  class space    used 593K, capacity 616K, committed 640K, reserved 1048576K
Event: 0.908 GC heap after
Heap after GC invocations=4 (full 0):
 PSYoungGen      total 138240K, used 5117K [0x00000000eab00000, 0x00000000f3700000, 0x0000000100000000)
  eden space 133120K, 0% used [0x00000000eab00000,0x00000000eab00000,0x00000000f2d00000)
  from space 5120K, 99% used [0x00000000f3200000,0x00000000f36ff528,0x00000000f3700000)
  to   space 5120K, 0% used [0x00000000f2d00000,0x00000000f2d00000,0x00000000f3200000)
 ParOldGen       total 87552K, used 22896K [0x00000000c0000000, 0x00000000c5580000, 0x00000000eab00000)
  object space 87552K, 26% used [0x00000000c0000000,0x00000000c165c310,0x00000000c5580000)
 Metaspace       used 6225K, capacity 7152K, committed 7296K, reserved 1056768K
  class space    used 593K, capacity 616K, committed 640K, reserved 1048576K
}
Event: 1.446 GC heap before
{Heap before GC invocations=5 (full 0):
 PSYoungGen      total 138240K, used 138237K [0x00000000eab00000, 0x00000000f3700000, 0x0000000100000000)
  eden space 133120K, 100% used [0x00000000eab00000,0x00000000f2d00000,0x00000000f2d00000)
  from space 5120K, 99% used [0x00000000f3200000,0x00000000f36ff528,0x00000000f3700000)
  to   space 5120K, 0% used [0x00000000f2d00000,0x00000000f2d00000,0x00000000f3200000)
 ParOldGen       total 87552K, used 22896K [0x00000000c0000000, 0x00000000c5580000, 0x00000000eab00000)
  object space 87552K, 26% used [0x00000000c0000000,0x00000000c165c310,0x00000000c5580000)
 Metaspace       used 6428K, capacity 7256K, committed 7424K, reserved 1056768K
  class space    used 613K, capacity 656K, committed 768K, reserved 1048576K
Event: 1.503 GC heap after
Heap after GC invocations=5 (full 0):
 PSYoungGen      total 138240K, used 5089K [0x00000000eab00000, 0x00000000fe400000, 0x0000000100000000)
  eden space 133120K, 0% used [0x00000000eab00000,0x00000000eab00000,0x00000000f2d00000)
  from space 5120K, 99% used [0x00000000f2d00000,0x00000000f31f8708,0x00000000f3200000)
  to   space 27136K, 0% used [0x00000000fc980000,0x00000000fc980000,0x00000000fe400000)
 ParOldGen       total 87552K, used 42816K [0x00000000c0000000, 0x00000000c5580000, 0x00000000eab00000)
  object space 87552K, 48% used [0x00000000c0000000,0x00000000c29d03a8,0x00000000c5580000)
 Metaspace       used 6428K, capacity 7256K, committed 7424K, reserved 1056768K
  class space    used 613K, capacity 656K, committed 768K, reserved 1048576K
}

Deoptimization events (10 events):
Event: 0.957 Thread 0x0000000019189000 Uncommon trap: reason=bimorphic action=maybe_recompile pc=0x0000000002d30ca8 method=com.android.dx.rop.code.RegisterSpec.withSimpleType()Lcom/android/dx/rop/code/RegisterSpec; @ 21
Event: 0.957 Thread 0x0000000019189000 Uncommon trap: reason=bimorphic action=maybe_recompile pc=0x0000000002d30ca8 method=com.android.dx.rop.code.RegisterSpec.withSimpleType()Lcom/android/dx/rop/code/RegisterSpec; @ 21
Event: 0.957 Thread 0x0000000019189000 Uncommon trap: reason=bimorphic action=maybe_recompile pc=0x0000000002d30ca8 method=com.android.dx.rop.code.RegisterSpec.withSimpleType()Lcom/android/dx/rop/code/RegisterSpec; @ 21
Event: 0.957 Thread 0x0000000019189000 Uncommon trap: reason=bimorphic action=maybe_recompile pc=0x0000000002d30ca8 method=com.android.dx.rop.code.RegisterSpec.withSimpleType()Lcom/android/dx/rop/code/RegisterSpec; @ 21
Event: 1.072 Thread 0x000000001918a000 Uncommon trap: reason=unstable_if action=reinterpret pc=0x0000000002d8ffac method=com.android.dx.ssa.SsaRenamer$BlockRenamer.visitMoveInsn(Lcom/android/dx/ssa/NormalSsaInsn;)V @ 104
Event: 1.163 Thread 0x000000001918a000 Uncommon trap: reason=unstable_if action=reinterpret pc=0x0000000002a1b634 method=java.util.HashMap.putVal(ILjava/lang/Object;Ljava/lang/Object;ZZ)Ljava/lang/Object; @ 162
Event: 1.166 Thread 0x000000001918a000 Uncommon trap: reason=unstable_if action=reinterpret pc=0x0000000002bc7bf0 method=java.util.HashMap.getNode(ILjava/lang/Object;)Ljava/util/HashMap$Node; @ 84
Event: 2.179 Thread 0x0000000019189000 Uncommon trap: reason=unstable_if action=reinterpret pc=0x0000000002a96b6c method=java.util.HashMap.putVal(ILjava/lang/Object;Ljava/lang/Object;ZZ)Ljava/lang/Object; @ 109
Event: 2.182 Thread 0x0000000019189000 Uncommon trap: reason=bimorphic action=maybe_recompile pc=0x0000000002e2ab48 method=com.android.dx.cf.code.BytecodeArray.parseInstruction(ILcom/android/dx/cf/code/BytecodeArray$Visitor;)I @ 971
Event: 2.183 Thread 0x0000000019189000 Uncommon trap: reason=bimorphic action=maybe_recompile pc=0x0000000002e2ab48 method=com.android.dx.cf.code.BytecodeArray.parseInstruction(ILcom/android/dx/cf/code/BytecodeArray$Visitor;)I @ 971

Internal exceptions (6 events):
Event: 0.030 Thread 0x000000000217e800 Exception <a 'java/lang/NoSuchMethodError': Method sun.misc.Unsafe.defineClass(Ljava/lang/String;[BII)Ljava/lang/Class; name or signature does not match> (0x00000000eab0d390) thrown at [D:\re\workspace\8-2-build-windows-amd64-cygwin\jdk8u40\2855\hotspot\sr‡m&Óaeû?
Event: 0.030 Thread 0x000000000217e800 Exception <a 'java/lang/NoSuchMethodError': Method sun.misc.Unsafe.prefetchRead(Ljava/lang/Object;J)V name or signature does not match> (0x00000000eab0d620) thrown at [D:\re\workspace\8-2-build-windows-amd64-cygwin\jdk8u40\2855\hotspot\src\share\vm\prims\j›z“8	Uÿ?
Event: 0.380 Thread 0x0000000019189000 Implicit null exception at 0x0000000002952b12 to 0x0000000002952c15
Event: 1.165 Thread 0x000000001918a000 Exception <a 'java/lang/ArrayIndexOutOfBoundsException': 18> (0x00000000f062ad50) thrown at [D:\re\workspace\8-2-build-windows-amd64-cygwin\jdk8u40\2855\hotspot\src\share\vm\interpreter\interpreterRuntime.cpp, line 366]
Event: 1.165 Thread 0x000000001918a000 Exception <a 'java/lang/ArrayIndexOutOfBoundsException': 145> (0x00000000f062c820) thrown at [D:\re\workspace\8-2-build-windows-amd64-cygwin\jdk8u40\2855\hotspot\src\share\vm\interpreter\interpreterRuntime.cpp, line 366]
Event: 1.166 Thread 0x000000001918a000 Exception <a 'java/lang/ArrayIndexOutOfBoundsException': 40> (0x00000000f062da58) thrown at [D:\re\workspace\8-2-build-windows-amd64-cygwin\jdk8u40\2855\hotspot\src\share\vm\interpreter\interpreterRuntime.cpp, line 366]

Events (10 events):
Event: 2.182 Thread 0x0000000019189000 Uncommon trap: trap_request=0xffffffc6 fr.pc=0x0000000002e2ab48
Event: 2.182 Thread 0x0000000019189000 DEOPT PACKING pc=0x0000000002e2ab48 sp=0x0000000019bbe2c0
Event: 2.182 Thread 0x0000000019189000 DEOPT UNPACKING pc=0x000000000272582a sp=0x0000000019bbe288 mode 2
Event: 2.183 Thread 0x0000000019189000 Uncommon trap: trap_request=0xffffffc6 fr.pc=0x0000000002e2ab48
Event: 2.183 Thread 0x0000000019189000 DEOPT PACKING pc=0x0000000002e2ab48 sp=0x0000000019bbe120
Event: 2.183 Thread 0x0000000019189000 DEOPT UNPACKING pc=0x000000000272582a sp=0x0000000019bbe0e8 mode 2
Event: 2.299 Thread 0x000000001918a800 DEOPT PACKING pc=0x00000000029f3aa7 sp=0x0000000019cbe650
Event: 2.299 Thread 0x000000001918a800 DEOPT UNPACKING pc=0x000000000272787f sp=0x0000000019cbe3c0 mode 0
Event: 2.308 Thread 0x000000001918a800 DEOPT PACKING pc=0x0000000002af4184 sp=0x0000000019cbebf0
Event: 2.308 Thread 0x000000001918a800 DEOPT UNPACKING pc=0x000000000272787f sp=0x0000000019cbe8d0 mode 0


Dynamic libraries:
0x000000013f460000 - 0x000000013f497000 	C:\Program Files\Java\jdk1.8.0_40\bin\java.exe
0x0000000076da0000 - 0x0000000076f4a000 	C:\Windows\SYSTEM32\ntdll.dll
0x0000000076c80000 - 0x0000000076d9f000 	C:\Windows\system32\kernel32.dll
0x000007fefcb40000 - 0x000007fefcbaa000 	C:\Windows\system32\KERNELBASE.dll
0x000007fefddc0000 - 0x000007fefde9b000 	C:\Windows\system32\ADVAPI32.dll
0x000007fefd250000 - 0x000007fefd2ef000 	C:\Windows\system32\msvcrt.dll
0x000007fefd500000 - 0x000007fefd51f000 	C:\Windows\SYSTEM32\sechost.dll
0x000007fefd820000 - 0x000007fefd94d000 	C:\Windows\system32\RPCRT4.dll
0x0000000076b80000 - 0x0000000076c7a000 	C:\Windows\system32\USER32.dll
0x000007fefec80000 - 0x000007fefece7000 	C:\Windows\system32\GDI32.dll
0x000007fefdce0000 - 0x000007fefdcee000 	C:\Windows\system32\LPK.dll
0x000007fefef80000 - 0x000007feff04a000 	C:\Windows\system32\USP10.dll
0x000007fefb010000 - 0x000007fefb204000 	C:\Windows\WinSxS\amd64_microsoft.windows.common-controls_6595b64144ccf1df_6.0.7601.18837_none_fa3b1e3d17594757\COMCTL32.dll
0x000007fefd530000 - 0x000007fefd5a1000 	C:\Windows\system32\SHLWAPI.dll
0x000007fefdd90000 - 0x000007fefddbe000 	C:\Windows\system32\IMM32.DLL
0x000007fefdb30000 - 0x000007fefdc39000 	C:\Windows\system32\MSCTF.dll
0x00000000535c0000 - 0x0000000053692000 	C:\Program Files\Java\jdk1.8.0_40\jre\bin\msvcr100.dll
0x00000000702a0000 - 0x0000000070b23000 	C:\Program Files\Java\jdk1.8.0_40\jre\bin\server\jvm.dll
0x000007fef6f40000 - 0x000007fef6f49000 	C:\Windows\system32\WSOCK32.dll
0x000007fefec30000 - 0x000007fefec7d000 	C:\Windows\system32\WS2_32.dll
0x000007fefd520000 - 0x000007fefd528000 	C:\Windows\system32\NSI.dll
0x000007fef8e20000 - 0x000007fef8e5b000 	C:\Windows\system32\WINMM.dll
0x000007fefbbc0000 - 0x000007fefbbcc000 	C:\Windows\system32\VERSION.dll
0x0000000076f60000 - 0x0000000076f67000 	C:\Windows\system32\PSAPI.DLL
0x0000000063b10000 - 0x0000000063b1f000 	C:\Program Files\Java\jdk1.8.0_40\jre\bin\verify.dll
0x0000000052400000 - 0x0000000052429000 	C:\Program Files\Java\jdk1.8.0_40\jre\bin\java.dll
0x0000000053a40000 - 0x0000000053a56000 	C:\Program Files\Java\jdk1.8.0_40\jre\bin\zip.dll
0x000007fefdea0000 - 0x000007fefec2c000 	C:\Windows\system32\SHELL32.dll
0x000007fefd2f0000 - 0x000007fefd4f3000 	C:\Windows\system32\ole32.dll
0x000007fefcb30000 - 0x000007fefcb3f000 	C:\Windows\system32\profapi.dll
0x000007fede6c0000 - 0x000007fede7e5000 	C:\Windows\system32\dbghelp.dll

VM Arguments:
jvm_args: -Djava.awt.headless=true -Xmx1024M -Dfile.encoding=windows-1252 -Duser.country=US -Duser.language=en -Duser.variant 
java_command: com.android.dx.command.Main --dex --force-jumbo --num-threads=4 --multi-dex --output C:\Users\basement\AndroidStudioProjects\Safe3D\app\build\intermediates\transforms\dex\debug\folders\1000\10\com.android.support-support-v4-23.4.0_cad81ea266b7fd8048416c41882b3cc839a450ff C:\Users\basement\AndroidStudioProjects\Safe3D\app\build\intermediates\exploded-aar\com.android.support\support-v4\23.4.0\jars\classes.jar
java_class_path (initial): C:\Users\basement\AppData\Local\Android\sdk\build-tools\23.0.3\lib\dx.jar
Launcher Type: SUN_STANDARD

Environment Variables:
JAVA_HOME=C:\Program Files\Java\jdk1.8.0_51
PATH=C:\Perl\site\bin;C:\Perl\bin;C:\ProgramData\Oracle\Java\javapath;C:\Program Files (x86)\Intel\iCLS Client\;C:\Program Files\Intel\iCLS Client\;C:\Windows\system32;C:\Windows;C:\Windows\System32\Wbem;C:\Windows\System32\WindowsPowerShell\v1.0\;C:\Program Files\Intel\Intel(R) Management Engine Components\DAL;C:\Program Files (x86)\Intel\Intel(R) Management Engine Components\DAL;C:\Program Files\Intel\Intel(R) Management Engine Components\IPT;C:\Program Files (x86)\Intel\Intel(R) Management Engine Components\IPT;C:\Program Files (x86)\AMD\ATI.ACE\Core-Static;C:\Program Files (x86)\GtkSharp\2.12\bin;C:\xampp\mysql\bin;C:\Program Files\TortoiseSVN\bin;C:\Program Files\Microsoft SQL Server\110\Tools\Binn\;C:\Program Files\Git\cmd;C:\Program Files (x86)\Microsoft SDKs\TypeScript\1.0\;C:\Program Files\Microsoft SQL Server\120\Tools\Binn\
USERNAME=basement
OS=Windows_NT
PROCESSOR_IDENTIFIER=Intel64 Family 6 Model 63 Stepping 2, GenuineIntel



---------------  S Y S T E M  ---------------

OS: Windows 7 , 64 bit Build 7601 (6.1.7601.23418)

CPU:total 12 (6 cores per cpu, 2 threads per core) family 6 model 63 stepping 2, cmov, cx8, fxsr, mmx, sse, sse2, sse3, ssse3, sse4.1, sse4.2, popcnt, avx, avx2, aes, clmul, erms, lzcnt, ht, tsc, tscinvbit, bmi1, bmi2

Memory: 4k page, physical 8279488k(1120796k free), swap 9326204k(5144k free)

vm_info: Java HotSpot(TM) 64-Bit Server VM (25.40-b25) for windows-amd64 JRE (1.8.0_40-b25), built on Feb 10 2015 21:53:57 by "java_re" with MS VC++ 10.0 (VS2010)

time: Sun Jun 19 10:12:47 2016
elapsed time: 2 seconds (0d 0h 0m 2s)

